Determining if the pthread_create exist failed with the following output:
Change Dir: /home/demphi/ros/quad_ws/build/CMakeFiles/CMakeTmp

Run Build Command:"/usr/bin/make" "cmTC_a1f18/fast"
/usr/bin/make -f CMakeFiles/cmTC_a1f18.dir/build.make CMakeFiles/cmTC_a1f18.dir/build
make[1]: Entering directory '/home/demphi/ros/quad_ws/build/CMakeFiles/CMakeTmp'
Building C object CMakeFiles/cmTC_a1f18.dir/CheckSymbolExists.c.o
/usr/bin/cc    -o CMakeFiles/cmTC_a1f18.dir/CheckSymbolExists.c.o   -c /home/demphi/ros/quad_ws/build/CMakeFiles/CMakeTmp/CheckSymbolExists.c
Linking C executable cmTC_a1f18
/usr/local/bin/cmake -E cmake_link_script CMakeFiles/cmTC_a1f18.dir/link.txt --verbose=1
/usr/bin/cc      -rdynamic CMakeFiles/cmTC_a1f18.dir/CheckSymbolExists.c.o  -o cmTC_a1f18 
CMakeFiles/cmTC_a1f18.dir/CheckSymbolExists.c.o: In function `main':
CheckSymbolExists.c:(.text+0x1b): undefined reference to `pthread_create'
collect2: error: ld returned 1 exit status
CMakeFiles/cmTC_a1f18.dir/build.make:86: recipe for target 'cmTC_a1f18' failed
make[1]: *** [cmTC_a1f18] Error 1
make[1]: Leaving directory '/home/demphi/ros/quad_ws/build/CMakeFiles/CMakeTmp'
Makefile:121: recipe for target 'cmTC_a1f18/fast' failed
make: *** [cmTC_a1f18/fast] Error 2

File /home/demphi/ros/quad_ws/build/CMakeFiles/CMakeTmp/CheckSymbolExists.c:
/* */
#include <pthread.h>

int main(int argc, char** argv)
{
  (void)argv;
#ifndef pthread_create
  return ((int*)(&pthread_create))[argc];
#else
  (void)argc;
  return 0;
#endif
}

Determining if the function pthread_create exists in the pthreads failed with the following output:
Change Dir: /home/demphi/ros/quad_ws/build/CMakeFiles/CMakeTmp

Run Build Command:"/usr/bin/make" "cmTC_3e04d/fast"
/usr/bin/make -f CMakeFiles/cmTC_3e04d.dir/build.make CMakeFiles/cmTC_3e04d.dir/build
make[1]: Entering directory '/home/demphi/ros/quad_ws/build/CMakeFiles/CMakeTmp'
Building C object CMakeFiles/cmTC_3e04d.dir/CheckFunctionExists.c.o
/usr/bin/cc   -DCHECK_FUNCTION_EXISTS=pthread_create   -o CMakeFiles/cmTC_3e04d.dir/CheckFunctionExists.c.o   -c /usr/local/share/cmake-3.13/Modules/CheckFunctionExists.c
Linking C executable cmTC_3e04d
/usr/local/bin/cmake -E cmake_link_script CMakeFiles/cmTC_3e04d.dir/link.txt --verbose=1
/usr/bin/cc  -DCHECK_FUNCTION_EXISTS=pthread_create    -rdynamic CMakeFiles/cmTC_3e04d.dir/CheckFunctionExists.c.o  -o cmTC_3e04d -lpthreads 
/usr/bin/ld: cannot find -lpthreads
collect2: error: ld returned 1 exit status
CMakeFiles/cmTC_3e04d.dir/build.make:86: recipe for target 'cmTC_3e04d' failed
make[1]: *** [cmTC_3e04d] Error 1
make[1]: Leaving directory '/home/demphi/ros/quad_ws/build/CMakeFiles/CMakeTmp'
Makefile:121: recipe for target 'cmTC_3e04d/fast' failed
make: *** [cmTC_3e04d/fast] Error 2


